[0.022s] Invoking command in '/home/piron/ar_detection_ws/build/detection_package': CMAKE_PREFIX_PATH=${CMAKE_PREFIX_PATH}:/opt/ros/jazzy DEBUGINFOD_URLS=https://debuginfod.ubuntu.com /usr/bin/cmake /home/piron/ar_detection_ws/src/detection_package -DCMAKE_INSTALL_PREFIX=/home/piron/ar_detection_ws/install/detection_package
[0.133s] -- The C compiler identification is GNU 13.3.0
[0.238s] -- The CXX compiler identification is GNU 13.3.0
[0.267s] -- Detecting C compiler ABI info
[0.438s] -- Detecting C compiler ABI info - done
[0.453s] -- Check for working C compiler: /usr/bin/cc - skipped
[0.453s] -- Detecting C compile features
[0.453s] -- Detecting C compile features - done
[0.468s] -- Detecting CXX compiler ABI info
[0.651s] -- Detecting CXX compiler ABI info - done
[0.668s] -- Check for working CXX compiler: /usr/bin/c++ - skipped
[0.668s] -- Detecting CXX compile features
[0.669s] -- Detecting CXX compile features - done
[0.672s] -- Found ament_cmake: 2.5.3 (/opt/ros/jazzy/share/ament_cmake/cmake)
[0.893s] -- Found Python3: /usr/bin/python3 (found version "3.12.3") found components: Interpreter 
[1.056s] -- Found rclcpp: 28.1.6 (/opt/ros/jazzy/share/rclcpp/cmake)
[1.110s] -- Found rosidl_generator_c: 4.6.5 (/opt/ros/jazzy/share/rosidl_generator_c/cmake)
[1.128s] -- Found rosidl_generator_cpp: 4.6.5 (/opt/ros/jazzy/share/rosidl_generator_cpp/cmake)
[1.150s] -- Using all available rosidl_typesupport_c: rosidl_typesupport_fastrtps_c;rosidl_typesupport_introspection_c
[1.179s] -- Using all available rosidl_typesupport_cpp: rosidl_typesupport_fastrtps_cpp;rosidl_typesupport_introspection_cpp
[1.277s] -- Found rmw_implementation_cmake: 7.3.1 (/opt/ros/jazzy/share/rmw_implementation_cmake/cmake)
[1.281s] -- Found rmw_fastrtps_cpp: 8.4.1 (/opt/ros/jazzy/share/rmw_fastrtps_cpp/cmake)
[1.415s] -- Found OpenSSL: /usr/lib/aarch64-linux-gnu/libcrypto.so (found version "3.0.13")  
[1.441s] -- Found FastRTPS: /opt/ros/jazzy/include (Required is at least version "2.13") 
[1.477s] -- Using RMW implementation 'rmw_fastrtps_cpp' as default
[1.574s] -- Found std_msgs: 5.3.5 (/opt/ros/jazzy/share/std_msgs/cmake)
[1.593s] -- Found sensor_msgs: 5.3.5 (/opt/ros/jazzy/share/sensor_msgs/cmake)
[1.658s] -- Found cv_bridge: 4.1.0 (/opt/ros/jazzy/share/cv_bridge/cmake)
[1.680s] -- Found image_transport: 5.1.5 (/opt/ros/jazzy/share/image_transport/cmake)
[1.713s] -- Found v4l2_camera: 0.7.1 (/opt/ros/jazzy/share/v4l2_camera/cmake)
[1.726s] -- Setting yaml-cpp_DIR to: '/opt/ros/jazzy/share/yaml_cpp_vendor/cmake/../../../opt/yaml_cpp_vendor/share/cmake/yaml-cpp'
[1.776s] -- Found aruco_ros: 5.0.5 (/opt/ros/jazzy/share/aruco_ros/cmake)
[1.778s] -- Found ament_lint_auto: 0.17.1 (/opt/ros/jazzy/share/ament_lint_auto/cmake)
[1.960s] -- Added test 'flake8' to check Python code syntax and style conventions
[1.960s] -- Configured 'flake8' exclude dirs and/or files: 
[1.961s] -- Added test 'lint_cmake' to check CMake code style
[1.962s] -- Added test 'pep257' to check Python code against some of the docstring style conventions in PEP 257
[1.963s] -- Added test 'xmllint' to check XML markup files
[1.965s] -- Configuring done (1.9s)
[1.973s] -- Generating done (0.0s)
[1.977s] -- Build files have been written to: /home/piron/ar_detection_ws/build/detection_package
[1.999s] Invoked command in '/home/piron/ar_detection_ws/build/detection_package' returned '0': CMAKE_PREFIX_PATH=${CMAKE_PREFIX_PATH}:/opt/ros/jazzy DEBUGINFOD_URLS=https://debuginfod.ubuntu.com /usr/bin/cmake /home/piron/ar_detection_ws/src/detection_package -DCMAKE_INSTALL_PREFIX=/home/piron/ar_detection_ws/install/detection_package
[2.001s] Invoking command in '/home/piron/ar_detection_ws/build/detection_package': CMAKE_PREFIX_PATH=${CMAKE_PREFIX_PATH}:/opt/ros/jazzy DEBUGINFOD_URLS=https://debuginfod.ubuntu.com /usr/bin/cmake --build /home/piron/ar_detection_ws/build/detection_package -- -j4 -l4
[2.084s] Invoked command in '/home/piron/ar_detection_ws/build/detection_package' returned '0': CMAKE_PREFIX_PATH=${CMAKE_PREFIX_PATH}:/opt/ros/jazzy DEBUGINFOD_URLS=https://debuginfod.ubuntu.com /usr/bin/cmake --build /home/piron/ar_detection_ws/build/detection_package -- -j4 -l4
[2.103s] Invoking command in '/home/piron/ar_detection_ws/build/detection_package': CMAKE_PREFIX_PATH=${CMAKE_PREFIX_PATH}:/opt/ros/jazzy DEBUGINFOD_URLS=https://debuginfod.ubuntu.com /usr/bin/cmake --install /home/piron/ar_detection_ws/build/detection_package
[2.123s] -- Install configuration: ""
[2.124s] -- Installing: /home/piron/ar_detection_ws/install/detection_package/share/detection_package//launch
[2.124s] -- Installing: /home/piron/ar_detection_ws/install/detection_package/share/detection_package//launch/__pycache__
[2.124s] -- Installing: /home/piron/ar_detection_ws/install/detection_package/share/detection_package//launch/__pycache__/aruco_launch.cpython-312.pyc
[2.124s] -- Installing: /home/piron/ar_detection_ws/install/detection_package/share/detection_package//launch/__pycache__/_launch.cpython-312.pyc
[2.124s] -- Installing: /home/piron/ar_detection_ws/install/detection_package/share/detection_package//launch/_launch.py
[2.124s] -- Installing: /home/piron/ar_detection_ws/install/detection_package/share/ament_index/resource_index/package_run_dependencies/detection_package
[2.124s] -- Installing: /home/piron/ar_detection_ws/install/detection_package/share/ament_index/resource_index/parent_prefix_path/detection_package
[2.125s] -- Installing: /home/piron/ar_detection_ws/install/detection_package/share/detection_package/environment/ament_prefix_path.sh
[2.125s] -- Installing: /home/piron/ar_detection_ws/install/detection_package/share/detection_package/environment/ament_prefix_path.dsv
[2.125s] -- Installing: /home/piron/ar_detection_ws/install/detection_package/share/detection_package/environment/path.sh
[2.125s] -- Installing: /home/piron/ar_detection_ws/install/detection_package/share/detection_package/environment/path.dsv
[2.125s] -- Installing: /home/piron/ar_detection_ws/install/detection_package/share/detection_package/local_setup.bash
[2.125s] -- Installing: /home/piron/ar_detection_ws/install/detection_package/share/detection_package/local_setup.sh
[2.126s] -- Installing: /home/piron/ar_detection_ws/install/detection_package/share/detection_package/local_setup.zsh
[2.126s] -- Installing: /home/piron/ar_detection_ws/install/detection_package/share/detection_package/local_setup.dsv
[2.126s] -- Installing: /home/piron/ar_detection_ws/install/detection_package/share/detection_package/package.dsv
[2.126s] -- Installing: /home/piron/ar_detection_ws/install/detection_package/share/ament_index/resource_index/packages/detection_package
[2.126s] -- Installing: /home/piron/ar_detection_ws/install/detection_package/share/detection_package/cmake/detection_packageConfig.cmake
[2.126s] -- Installing: /home/piron/ar_detection_ws/install/detection_package/share/detection_package/cmake/detection_packageConfig-version.cmake
[2.127s] -- Installing: /home/piron/ar_detection_ws/install/detection_package/share/detection_package/package.xml
[2.130s] Invoked command in '/home/piron/ar_detection_ws/build/detection_package' returned '0': CMAKE_PREFIX_PATH=${CMAKE_PREFIX_PATH}:/opt/ros/jazzy DEBUGINFOD_URLS=https://debuginfod.ubuntu.com /usr/bin/cmake --install /home/piron/ar_detection_ws/build/detection_package
