-- Found ament_cmake: 2.5.3 (/opt/ros/jazzy/share/ament_cmake/cmake)
-- Found rclcpp: 28.1.6 (/opt/ros/jazzy/share/rclcpp/cmake)
-- Found rosidl_generator_c: 4.6.5 (/opt/ros/jazzy/share/rosidl_generator_c/cmake)
-- Found rosidl_generator_cpp: 4.6.5 (/opt/ros/jazzy/share/rosidl_generator_cpp/cmake)
-- Using all available rosidl_typesupport_c: rosidl_typesupport_fastrtps_c;rosidl_typesupport_introspection_c
-- Using all available rosidl_typesupport_cpp: rosidl_typesupport_fastrtps_cpp;rosidl_typesupport_introspection_cpp
-- Found rmw_implementation_cmake: 7.3.1 (/opt/ros/jazzy/share/rmw_implementation_cmake/cmake)
-- Found rmw_fastrtps_cpp: 8.4.1 (/opt/ros/jazzy/share/rmw_fastrtps_cpp/cmake)
-- Using RMW implementation 'rmw_fastrtps_cpp' as default
-- Found std_msgs: 5.3.5 (/opt/ros/jazzy/share/std_msgs/cmake)
-- Found sensor_msgs: 5.3.5 (/opt/ros/jazzy/share/sensor_msgs/cmake)
-- Found cv_bridge: 4.1.0 (/opt/ros/jazzy/share/cv_bridge/cmake)
-- Found image_transport: 5.1.5 (/opt/ros/jazzy/share/image_transport/cmake)
-- Found v4l2_camera: 0.7.1 (/opt/ros/jazzy/share/v4l2_camera/cmake)
-- Setting yaml-cpp_DIR to: '/opt/ros/jazzy/share/yaml_cpp_vendor/cmake/../../../opt/yaml_cpp_vendor/share/cmake/yaml-cpp'
-- Found aruco_ros: 5.0.5 (/opt/ros/jazzy/share/aruco_ros/cmake)
-- Found aruco_msgs: 5.0.5 (/opt/ros/jazzy/share/aruco_msgs/cmake)
-- Found rclpy: 7.1.3 (/opt/ros/jazzy/share/rclpy/cmake)
-- Found ament_lint_auto: 0.17.1 (/opt/ros/jazzy/share/ament_lint_auto/cmake)
-- Added test 'flake8' to check Python code syntax and style conventions
-- Configured 'flake8' exclude dirs and/or files: 
-- Added test 'lint_cmake' to check CMake code style
-- Added test 'pep257' to check Python code against some of the docstring style conventions in PEP 257
-- Added test 'xmllint' to check XML markup files
-- Configuring done (1.1s)
-- Generating done (0.0s)
-- Build files have been written to: /home/piron/ar_detection_ws/build/detection_package
-- Install configuration: ""
-- Up-to-date: /home/piron/ar_detection_ws/install/detection_package/share/detection_package//launch
-- Up-to-date: /home/piron/ar_detection_ws/install/detection_package/share/detection_package//launch/__pycache__
-- Up-to-date: /home/piron/ar_detection_ws/install/detection_package/share/detection_package//launch/__pycache__/aruco_launch.cpython-312.pyc
-- Installing: /home/piron/ar_detection_ws/install/detection_package/share/detection_package//launch/__pycache__/_launch.cpython-312.pyc
-- Up-to-date: /home/piron/ar_detection_ws/install/detection_package/share/detection_package//launch/_launch.py
-- Up-to-date: /home/piron/ar_detection_ws/install/detection_package/lib/detection_package/marker_logger.py
-- Installing: /home/piron/ar_detection_ws/install/detection_package/lib/detection_package/aruco_marker_visualizer.py
-- Up-to-date: /home/piron/ar_detection_ws/install/detection_package/share/ament_index/resource_index/package_run_dependencies/detection_package
-- Installing: /home/piron/ar_detection_ws/install/detection_package/share/ament_index/resource_index/parent_prefix_path/detection_package
-- Up-to-date: /home/piron/ar_detection_ws/install/detection_package/share/detection_package/environment/ament_prefix_path.sh
-- Up-to-date: /home/piron/ar_detection_ws/install/detection_package/share/detection_package/environment/ament_prefix_path.dsv
-- Up-to-date: /home/piron/ar_detection_ws/install/detection_package/share/detection_package/environment/path.sh
-- Up-to-date: /home/piron/ar_detection_ws/install/detection_package/share/detection_package/environment/path.dsv
-- Up-to-date: /home/piron/ar_detection_ws/install/detection_package/share/detection_package/local_setup.bash
-- Up-to-date: /home/piron/ar_detection_ws/install/detection_package/share/detection_package/local_setup.sh
-- Up-to-date: /home/piron/ar_detection_ws/install/detection_package/share/detection_package/local_setup.zsh
-- Up-to-date: /home/piron/ar_detection_ws/install/detection_package/share/detection_package/local_setup.dsv
-- Installing: /home/piron/ar_detection_ws/install/detection_package/share/detection_package/package.dsv
-- Up-to-date: /home/piron/ar_detection_ws/install/detection_package/share/ament_index/resource_index/packages/detection_package
-- Up-to-date: /home/piron/ar_detection_ws/install/detection_package/share/detection_package/cmake/detection_packageConfig.cmake
-- Up-to-date: /home/piron/ar_detection_ws/install/detection_package/share/detection_package/cmake/detection_packageConfig-version.cmake
-- Up-to-date: /home/piron/ar_detection_ws/install/detection_package/share/detection_package/package.xml
