[0.153s] DEBUG:colcon:Command line arguments: ['/usr/bin/colcon', 'build', '--packages-select', 'detection_package']
[0.154s] DEBUG:colcon:Parsed command line arguments: Namespace(log_base=None, log_level=None, verb_name='build', build_base='build', install_base='install', merge_install=False, symlink_install=False, test_result_base=None, continue_on_error=False, executor='parallel', parallel_workers=4, event_handlers=None, ignore_user_meta=False, metas=['./colcon.meta'], base_paths=['.'], packages_ignore=None, packages_ignore_regex=None, paths=None, packages_up_to=None, packages_up_to_regex=None, packages_above=None, packages_above_and_dependencies=None, packages_above_depth=None, packages_select_by_dep=None, packages_skip_by_dep=None, packages_skip_up_to=None, packages_select_build_failed=False, packages_skip_build_finished=False, packages_select_test_failures=False, packages_skip_test_passed=False, packages_select=['detection_package'], packages_skip=None, packages_select_regex=None, packages_skip_regex=None, packages_start=None, packages_end=None, cmake_args=None, cmake_target=None, cmake_target_skip_unavailable=False, cmake_clean_cache=False, cmake_clean_first=False, cmake_force_configure=False, ament_cmake_args=None, catkin_cmake_args=None, catkin_skip_building_tests=False, verb_parser=<colcon_defaults.argument_parser.defaults.DefaultArgumentsDecorator object at 0xffffb15cf110>, verb_extension=<colcon_core.verb.build.BuildVerb object at 0xffffb14eb5c0>, main=<bound method BuildVerb.main of <colcon_core.verb.build.BuildVerb object at 0xffffb14eb5c0>>)
[0.217s] Level 1:colcon.colcon_core.package_discovery:discover_packages(colcon_meta) check parameters
[0.217s] Level 1:colcon.colcon_core.package_discovery:discover_packages(recursive) check parameters
[0.217s] Level 1:colcon.colcon_core.package_discovery:discover_packages(ignore) check parameters
[0.217s] Level 1:colcon.colcon_core.package_discovery:discover_packages(path) check parameters
[0.217s] Level 1:colcon.colcon_core.package_discovery:discover_packages(colcon_meta) discover
[0.217s] Level 1:colcon.colcon_core.package_discovery:discover_packages(recursive) discover
[0.217s] INFO:colcon.colcon_core.package_discovery:Crawling recursively for packages in '/home/piron/ar_detection_ws'
[0.217s] Level 1:colcon.colcon_core.package_identification:_identify(.) by extensions ['ignore', 'ignore_ament_install']
[0.218s] Level 1:colcon.colcon_core.package_identification:_identify(.) by extension 'ignore'
[0.218s] Level 1:colcon.colcon_core.package_identification:_identify(.) by extension 'ignore_ament_install'
[0.218s] Level 1:colcon.colcon_core.package_identification:_identify(.) by extensions ['colcon_pkg']
[0.218s] Level 1:colcon.colcon_core.package_identification:_identify(.) by extension 'colcon_pkg'
[0.218s] Level 1:colcon.colcon_core.package_identification:_identify(.) by extensions ['colcon_meta']
[0.218s] Level 1:colcon.colcon_core.package_identification:_identify(.) by extension 'colcon_meta'
[0.218s] Level 1:colcon.colcon_core.package_identification:_identify(.) by extensions ['ros']
[0.218s] Level 1:colcon.colcon_core.package_identification:_identify(.) by extension 'ros'
[0.257s] Level 1:colcon.colcon_core.package_identification:_identify(.) by extensions ['cmake', 'python']
[0.257s] Level 1:colcon.colcon_core.package_identification:_identify(.) by extension 'cmake'
[0.257s] Level 1:colcon.colcon_core.package_identification:_identify(.) by extension 'python'
[0.257s] Level 1:colcon.colcon_core.package_identification:_identify(.) by extensions ['python_setup_py']
[0.257s] Level 1:colcon.colcon_core.package_identification:_identify(.) by extension 'python_setup_py'
[0.258s] Level 1:colcon.colcon_core.package_identification:_identify(build) by extensions ['ignore', 'ignore_ament_install']
[0.258s] Level 1:colcon.colcon_core.package_identification:_identify(build) by extension 'ignore'
[0.258s] Level 1:colcon.colcon_core.package_identification:_identify(build) ignored
[0.258s] Level 1:colcon.colcon_core.package_identification:_identify(install) by extensions ['ignore', 'ignore_ament_install']
[0.258s] Level 1:colcon.colcon_core.package_identification:_identify(install) by extension 'ignore'
[0.258s] Level 1:colcon.colcon_core.package_identification:_identify(install) ignored
[0.258s] Level 1:colcon.colcon_core.package_identification:_identify(log) by extensions ['ignore', 'ignore_ament_install']
[0.258s] Level 1:colcon.colcon_core.package_identification:_identify(log) by extension 'ignore'
[0.258s] Level 1:colcon.colcon_core.package_identification:_identify(log) ignored
[0.258s] Level 1:colcon.colcon_core.package_identification:_identify(src) by extensions ['ignore', 'ignore_ament_install']
[0.258s] Level 1:colcon.colcon_core.package_identification:_identify(src) by extension 'ignore'
[0.259s] Level 1:colcon.colcon_core.package_identification:_identify(src) by extension 'ignore_ament_install'
[0.259s] Level 1:colcon.colcon_core.package_identification:_identify(src) by extensions ['colcon_pkg']
[0.259s] Level 1:colcon.colcon_core.package_identification:_identify(src) by extension 'colcon_pkg'
[0.259s] Level 1:colcon.colcon_core.package_identification:_identify(src) by extensions ['colcon_meta']
[0.259s] Level 1:colcon.colcon_core.package_identification:_identify(src) by extension 'colcon_meta'
[0.259s] Level 1:colcon.colcon_core.package_identification:_identify(src) by extensions ['ros']
[0.259s] Level 1:colcon.colcon_core.package_identification:_identify(src) by extension 'ros'
[0.259s] Level 1:colcon.colcon_core.package_identification:_identify(src) by extensions ['cmake', 'python']
[0.259s] Level 1:colcon.colcon_core.package_identification:_identify(src) by extension 'cmake'
[0.259s] Level 1:colcon.colcon_core.package_identification:_identify(src) by extension 'python'
[0.259s] Level 1:colcon.colcon_core.package_identification:_identify(src) by extensions ['python_setup_py']
[0.259s] Level 1:colcon.colcon_core.package_identification:_identify(src) by extension 'python_setup_py'
[0.259s] Level 1:colcon.colcon_core.package_identification:_identify(src/detection_package) by extensions ['ignore', 'ignore_ament_install']
[0.259s] Level 1:colcon.colcon_core.package_identification:_identify(src/detection_package) by extension 'ignore'
[0.259s] Level 1:colcon.colcon_core.package_identification:_identify(src/detection_package) by extension 'ignore_ament_install'
[0.259s] Level 1:colcon.colcon_core.package_identification:_identify(src/detection_package) by extensions ['colcon_pkg']
[0.259s] Level 1:colcon.colcon_core.package_identification:_identify(src/detection_package) by extension 'colcon_pkg'
[0.259s] Level 1:colcon.colcon_core.package_identification:_identify(src/detection_package) by extensions ['colcon_meta']
[0.259s] Level 1:colcon.colcon_core.package_identification:_identify(src/detection_package) by extension 'colcon_meta'
[0.259s] Level 1:colcon.colcon_core.package_identification:_identify(src/detection_package) by extensions ['ros']
[0.259s] Level 1:colcon.colcon_core.package_identification:_identify(src/detection_package) by extension 'ros'
[0.263s] DEBUG:colcon.colcon_core.package_identification:Package 'src/detection_package' with type 'ros.ament_cmake' and name 'detection_package'
[0.263s] Level 1:colcon.colcon_core.package_discovery:discover_packages(recursive) using defaults
[0.263s] Level 1:colcon.colcon_core.package_discovery:discover_packages(ignore) discover
[0.263s] Level 1:colcon.colcon_core.package_discovery:discover_packages(ignore) using defaults
[0.263s] Level 1:colcon.colcon_core.package_discovery:discover_packages(path) discover
[0.263s] Level 1:colcon.colcon_core.package_discovery:discover_packages(path) using defaults
[0.292s] Level 5:colcon.colcon_core.verb:set package 'detection_package' build argument 'cmake_args' from command line to 'None'
[0.292s] Level 5:colcon.colcon_core.verb:set package 'detection_package' build argument 'cmake_target' from command line to 'None'
[0.292s] Level 5:colcon.colcon_core.verb:set package 'detection_package' build argument 'cmake_target_skip_unavailable' from command line to 'False'
[0.292s] Level 5:colcon.colcon_core.verb:set package 'detection_package' build argument 'cmake_clean_cache' from command line to 'False'
[0.292s] Level 5:colcon.colcon_core.verb:set package 'detection_package' build argument 'cmake_clean_first' from command line to 'False'
[0.292s] Level 5:colcon.colcon_core.verb:set package 'detection_package' build argument 'cmake_force_configure' from command line to 'False'
[0.293s] Level 5:colcon.colcon_core.verb:set package 'detection_package' build argument 'ament_cmake_args' from command line to 'None'
[0.293s] Level 5:colcon.colcon_core.verb:set package 'detection_package' build argument 'catkin_cmake_args' from command line to 'None'
[0.293s] Level 5:colcon.colcon_core.verb:set package 'detection_package' build argument 'catkin_skip_building_tests' from command line to 'False'
[0.293s] DEBUG:colcon.colcon_core.verb:Building package 'detection_package' with the following arguments: {'ament_cmake_args': None, 'build_base': '/home/piron/ar_detection_ws/build/detection_package', 'catkin_cmake_args': None, 'catkin_skip_building_tests': False, 'cmake_args': None, 'cmake_clean_cache': False, 'cmake_clean_first': False, 'cmake_force_configure': False, 'cmake_target': None, 'cmake_target_skip_unavailable': False, 'install_base': '/home/piron/ar_detection_ws/install/detection_package', 'merge_install': False, 'path': '/home/piron/ar_detection_ws/src/detection_package', 'symlink_install': False, 'test_result_base': None}
[0.293s] INFO:colcon.colcon_core.executor:Executing jobs using 'parallel' executor
[0.294s] DEBUG:colcon.colcon_parallel_executor.executor.parallel:run_until_complete
[0.294s] INFO:colcon.colcon_ros.task.ament_cmake.build:Building ROS package in '/home/piron/ar_detection_ws/src/detection_package' with build type 'ament_cmake'
[0.295s] INFO:colcon.colcon_cmake.task.cmake.build:Building CMake package in '/home/piron/ar_detection_ws/src/detection_package'
[0.297s] INFO:colcon.colcon_core.plugin_system:Skipping extension 'colcon_core.shell.bat': Not used on non-Windows systems
[0.297s] DEBUG:colcon.colcon_core.shell:Skip shell extension 'dsv' for command environment
[0.315s] DEBUG:colcon.colcon_core.event_handler.log_command:Invoking command in '/home/piron/ar_detection_ws/build/detection_package': CMAKE_PREFIX_PATH=${CMAKE_PREFIX_PATH}:/opt/ros/jazzy DEBUGINFOD_URLS=https://debuginfod.ubuntu.com /usr/bin/cmake --build /home/piron/ar_detection_ws/build/detection_package -- -j4 -l4
[1.529s] DEBUG:colcon.colcon_core.event_handler.log_command:Invoked command in '/home/piron/ar_detection_ws/build/detection_package' returned '0': CMAKE_PREFIX_PATH=${CMAKE_PREFIX_PATH}:/opt/ros/jazzy DEBUGINFOD_URLS=https://debuginfod.ubuntu.com /usr/bin/cmake --build /home/piron/ar_detection_ws/build/detection_package -- -j4 -l4
[1.551s] DEBUG:colcon.colcon_core.event_handler.log_command:Invoking command in '/home/piron/ar_detection_ws/build/detection_package': CMAKE_PREFIX_PATH=${CMAKE_PREFIX_PATH}:/opt/ros/jazzy DEBUGINFOD_URLS=https://debuginfod.ubuntu.com /usr/bin/cmake --install /home/piron/ar_detection_ws/build/detection_package
[1.570s] Level 1:colcon.colcon_core.environment:create_environment_scripts_only(detection_package)
[1.571s] DEBUG:colcon.colcon_core.event_handler.log_command:Invoked command in '/home/piron/ar_detection_ws/build/detection_package' returned '0': CMAKE_PREFIX_PATH=${CMAKE_PREFIX_PATH}:/opt/ros/jazzy DEBUGINFOD_URLS=https://debuginfod.ubuntu.com /usr/bin/cmake --install /home/piron/ar_detection_ws/build/detection_package
[1.573s] Level 1:colcon.colcon_core.environment:checking '/home/piron/ar_detection_ws/install/detection_package' for CMake module files
[1.574s] Level 1:colcon.colcon_core.environment:checking '/home/piron/ar_detection_ws/install/detection_package' for CMake config files
[1.574s] Level 1:colcon.colcon_core.shell:create_environment_hook('detection_package', 'cmake_prefix_path')
[1.575s] INFO:colcon.colcon_core.shell:Creating environment descriptor '/home/piron/ar_detection_ws/install/detection_package/share/detection_package/hook/cmake_prefix_path.dsv'
[1.576s] INFO:colcon.colcon_core.shell:Creating environment hook '/home/piron/ar_detection_ws/install/detection_package/share/detection_package/hook/cmake_prefix_path.sh'
[1.579s] Level 1:colcon.colcon_core.environment:checking '/home/piron/ar_detection_ws/install/detection_package/lib'
[1.580s] Level 1:colcon.colcon_core.environment:checking '/home/piron/ar_detection_ws/install/detection_package/bin'
[1.580s] Level 1:colcon.colcon_core.environment:checking '/home/piron/ar_detection_ws/install/detection_package/lib/pkgconfig/detection_package.pc'
[1.584s] Level 1:colcon.colcon_core.environment:checking '/home/piron/ar_detection_ws/install/detection_package/lib/python3.12/site-packages'
[1.584s] Level 1:colcon.colcon_core.environment:checking '/home/piron/ar_detection_ws/install/detection_package/bin'
[1.585s] INFO:colcon.colcon_core.shell:Creating package descriptor '/home/piron/ar_detection_ws/install/detection_package/share/detection_package/package.dsv'
[1.586s] INFO:colcon.colcon_core.shell:Creating package script '/home/piron/ar_detection_ws/install/detection_package/share/detection_package/package.sh'
[1.587s] INFO:colcon.colcon_core.shell:Creating package script '/home/piron/ar_detection_ws/install/detection_package/share/detection_package/package.bash'
[1.588s] INFO:colcon.colcon_core.shell:Creating package script '/home/piron/ar_detection_ws/install/detection_package/share/detection_package/package.zsh'
[1.589s] Level 1:colcon.colcon_core.environment:create_file_with_runtime_dependencies(/home/piron/ar_detection_ws/install/detection_package/share/colcon-core/packages/detection_package)
[1.590s] Level 1:colcon.colcon_core.environment:create_environment_scripts_only(detection_package)
[1.590s] Level 1:colcon.colcon_core.environment:checking '/home/piron/ar_detection_ws/install/detection_package' for CMake module files
[1.591s] Level 1:colcon.colcon_core.environment:checking '/home/piron/ar_detection_ws/install/detection_package' for CMake config files
[1.591s] Level 1:colcon.colcon_core.shell:create_environment_hook('detection_package', 'cmake_prefix_path')
[1.591s] INFO:colcon.colcon_core.shell:Creating environment descriptor '/home/piron/ar_detection_ws/install/detection_package/share/detection_package/hook/cmake_prefix_path.dsv'
[1.592s] INFO:colcon.colcon_core.shell:Creating environment hook '/home/piron/ar_detection_ws/install/detection_package/share/detection_package/hook/cmake_prefix_path.sh'
[1.593s] Level 1:colcon.colcon_core.environment:checking '/home/piron/ar_detection_ws/install/detection_package/lib'
[1.593s] Level 1:colcon.colcon_core.environment:checking '/home/piron/ar_detection_ws/install/detection_package/bin'
[1.593s] Level 1:colcon.colcon_core.environment:checking '/home/piron/ar_detection_ws/install/detection_package/lib/pkgconfig/detection_package.pc'
[1.593s] Level 1:colcon.colcon_core.environment:checking '/home/piron/ar_detection_ws/install/detection_package/lib/python3.12/site-packages'
[1.593s] Level 1:colcon.colcon_core.environment:checking '/home/piron/ar_detection_ws/install/detection_package/bin'
[1.594s] INFO:colcon.colcon_core.shell:Creating package descriptor '/home/piron/ar_detection_ws/install/detection_package/share/detection_package/package.dsv'
[1.594s] INFO:colcon.colcon_core.shell:Creating package script '/home/piron/ar_detection_ws/install/detection_package/share/detection_package/package.sh'
[1.595s] INFO:colcon.colcon_core.shell:Creating package script '/home/piron/ar_detection_ws/install/detection_package/share/detection_package/package.bash'
[1.595s] INFO:colcon.colcon_core.shell:Creating package script '/home/piron/ar_detection_ws/install/detection_package/share/detection_package/package.zsh'
[1.596s] Level 1:colcon.colcon_core.environment:create_file_with_runtime_dependencies(/home/piron/ar_detection_ws/install/detection_package/share/colcon-core/packages/detection_package)
[1.597s] DEBUG:colcon.colcon_parallel_executor.executor.parallel:closing loop
[1.597s] DEBUG:colcon.colcon_parallel_executor.executor.parallel:loop closed
[1.598s] DEBUG:colcon.colcon_parallel_executor.executor.parallel:run_until_complete finished with '0'
[1.598s] DEBUG:colcon.colcon_core.event_reactor:joining thread
[1.605s] INFO:colcon.colcon_core.plugin_system:Skipping extension 'colcon_notification.desktop_notification.terminal_notifier': Not used on non-Darwin systems
[1.605s] INFO:colcon.colcon_core.plugin_system:Skipping extension 'colcon_notification.desktop_notification.win32': Not used on non-Windows systems
[1.605s] INFO:colcon.colcon_notification.desktop_notification:Sending desktop notification using 'notify2'
[1.633s] DEBUG:colcon.colcon_core.event_reactor:joined thread
[1.634s] INFO:colcon.colcon_core.shell:Creating prefix script '/home/piron/ar_detection_ws/install/local_setup.sh'
[1.635s] INFO:colcon.colcon_core.shell:Creating prefix util module '/home/piron/ar_detection_ws/install/_local_setup_util_sh.py'
[1.636s] INFO:colcon.colcon_core.shell:Creating prefix chain script '/home/piron/ar_detection_ws/install/setup.sh'
[1.638s] INFO:colcon.colcon_core.shell:Creating prefix script '/home/piron/ar_detection_ws/install/local_setup.bash'
[1.641s] INFO:colcon.colcon_core.shell:Creating prefix chain script '/home/piron/ar_detection_ws/install/setup.bash'
[1.645s] INFO:colcon.colcon_core.shell:Creating prefix script '/home/piron/ar_detection_ws/install/local_setup.zsh'
[1.646s] INFO:colcon.colcon_core.shell:Creating prefix chain script '/home/piron/ar_detection_ws/install/setup.zsh'
