-- Install configuration: ""
-- Up-to-date: /home/piron/ar_detection_ws/install/detection_package/share/detection_package//launch
-- Up-to-date: /home/piron/ar_detection_ws/install/detection_package/share/detection_package//launch/__pycache__
-- Up-to-date: /home/piron/ar_detection_ws/install/detection_package/share/detection_package//launch/__pycache__/aruco_launch.cpython-312.pyc
-- Installing: /home/piron/ar_detection_ws/install/detection_package/share/detection_package//launch/__pycache__/_launch.cpython-312.pyc
-- Up-to-date: /home/piron/ar_detection_ws/install/detection_package/share/detection_package//launch/_launch.py
-- Up-to-date: /home/piron/ar_detection_ws/install/detection_package/lib/detection_package/marker_logger.py
-- Up-to-date: /home/piron/ar_detection_ws/install/detection_package/share/ament_index/resource_index/package_run_dependencies/detection_package
-- Up-to-date: /home/piron/ar_detection_ws/install/detection_package/share/ament_index/resource_index/parent_prefix_path/detection_package
-- Up-to-date: /home/piron/ar_detection_ws/install/detection_package/share/detection_package/environment/ament_prefix_path.sh
-- Up-to-date: /home/piron/ar_detection_ws/install/detection_package/share/detection_package/environment/ament_prefix_path.dsv
-- Up-to-date: /home/piron/ar_detection_ws/install/detection_package/share/detection_package/environment/path.sh
-- Up-to-date: /home/piron/ar_detection_ws/install/detection_package/share/detection_package/environment/path.dsv
-- Up-to-date: /home/piron/ar_detection_ws/install/detection_package/share/detection_package/local_setup.bash
-- Up-to-date: /home/piron/ar_detection_ws/install/detection_package/share/detection_package/local_setup.sh
-- Up-to-date: /home/piron/ar_detection_ws/install/detection_package/share/detection_package/local_setup.zsh
-- Up-to-date: /home/piron/ar_detection_ws/install/detection_package/share/detection_package/local_setup.dsv
-- Installing: /home/piron/ar_detection_ws/install/detection_package/share/detection_package/package.dsv
-- Up-to-date: /home/piron/ar_detection_ws/install/detection_package/share/ament_index/resource_index/packages/detection_package
-- Up-to-date: /home/piron/ar_detection_ws/install/detection_package/share/detection_package/cmake/detection_packageConfig.cmake
-- Up-to-date: /home/piron/ar_detection_ws/install/detection_package/share/detection_package/cmake/detection_packageConfig-version.cmake
-- Up-to-date: /home/piron/ar_detection_ws/install/detection_package/share/detection_package/package.xml
